[debug] [2025-08-16T16:31:39.517Z] ----------------------------------------------------------------------
[debug] [2025-08-16T16:31:39.521Z] Command:       /usr/local/bin/node /opt/homebrew/bin/firebase init functions
[debug] [2025-08-16T16:31:39.521Z] CLI Version:   14.12.1
[debug] [2025-08-16T16:31:39.521Z] Platform:      darwin
[debug] [2025-08-16T16:31:39.521Z] Node Version:  v22.16.0
[debug] [2025-08-16T16:31:39.521Z] Time:          Sun Aug 17 2025 00:31:39 GMT+0800 (中国标准时间)
[debug] [2025-08-16T16:31:39.521Z] ----------------------------------------------------------------------
[debug] 
[debug] [2025-08-16T16:31:39.524Z] > command requires scopes: ["email","openid","https://www.googleapis.com/auth/cloudplatformprojects.readonly","https://www.googleapis.com/auth/firebase","https://www.googleapis.com/auth/cloud-platform"]
[debug] [2025-08-16T16:31:39.524Z] > authorizing via signed-in user (tccio2023@gmail.com)
[info] 
     ######## #### ########  ######## ########     ###     ######  ########
     ##        ##  ##     ## ##       ##     ##  ##   ##  ##       ##
     ######    ##  ########  ######   ########  #########  ######  ######
     ##        ##  ##    ##  ##       ##     ## ##     ##       ## ##
     ##       #### ##     ## ######## ########  ##     ##  ######  ########

You're about to initialize a Firebase project in this directory:

  /Users/matthewyin/Coding/nssa_sprintify

[info] 
=== Project Setup
[info] 
[info] First, let's associate this project directory with a Firebase project.
[info] You can create multiple project aliases by running firebase use --add, 
[info] but for now we'll just set up a default project.
[info] 
